2010.01.20 10:11 B C:\Program Files\MATLAB\R2009a\fdaM\@bifdPar\@bifdPar.zip --> ego.psych.mcgill.ca /home/ego/ftp/pub/ramsay/FDAfuns/Matlab/@bifdPar @bifdPar.zip
2010.01.20 10:11 B C:\Program Files\MATLAB\R2009a\fdaM\@bifdPar\@fdPar.zip --> ego.psych.mcgill.ca /home/ego/ftp/pub/ramsay/FDAfuns/Matlab/@bifdPar @fdPar.zip
2010.01.20 10:11 B C:\Program Files\MATLAB\R2009a\fdaM\@bifdPar\bifdPar.m --> ego.psych.mcgill.ca /home/ego/ftp/pub/ramsay/FDAfuns/Matlab/@bifdPar bifdPar.m
2010.01.20 10:11 B C:\Program Files\MATLAB\R2009a\fdaM\@bifdPar\display.m --> ego.psych.mcgill.ca /home/ego/ftp/pub/ramsay/FDAfuns/Matlab/@bifdPar display.m
2010.01.20 10:11 B C:\Program Files\MATLAB\R2009a\fdaM\@bifdPar\getestimate.m --> ego.psych.mcgill.ca /home/ego/ftp/pub/ramsay/FDAfuns/Matlab/@bifdPar getestimate.m
2010.01.20 10:11 B C:\Program Files\MATLAB\R2009a\fdaM\@bifdPar\getfd.m --> ego.psych.mcgill.ca /home/ego/ftp/pub/ramsay/FDAfuns/Matlab/@bifdPar getfd.m
2010.01.20 10:11 B C:\Program Files\MATLAB\R2009a\fdaM\@bifdPar\getlambda.m --> ego.psych.mcgill.ca /home/ego/ftp/pub/ramsay/FDAfuns/Matlab/@bifdPar getlambda.m
2010.01.20 10:11 B C:\Program Files\MATLAB\R2009a\fdaM\@bifdPar\getLfd.m --> ego.psych.mcgill.ca /home/ego/ftp/pub/ramsay/FDAfuns/Matlab/@bifdPar getLfd.m
2010.01.20 10:11 B C:\Program Files\MATLAB\R2009a\fdaM\@bifdPar\plot.m --> ego.psych.mcgill.ca /home/ego/ftp/pub/ramsay/FDAfuns/Matlab/@bifdPar plot.m
2010.01.20 10:11 B C:\Program Files\MATLAB\R2009a\fdaM\@bifdPar\putbifd.m --> ego.psych.mcgill.ca /home/ego/ftp/pub/ramsay/FDAfuns/Matlab/@bifdPar putbifd.m
2010.01.20 10:11 B C:\Program Files\MATLAB\R2009a\fdaM\@bifdPar\putestimate.m --> ego.psych.mcgill.ca /home/ego/ftp/pub/ramsay/FDAfuns/Matlab/@bifdPar putestimate.m
2010.01.20 10:11 B C:\Program Files\MATLAB\R2009a\fdaM\@bifdPar\putlambda.m --> ego.psych.mcgill.ca /home/ego/ftp/pub/ramsay/FDAfuns/Matlab/@bifdPar putlambda.m
2010.01.20 10:11 B C:\Program Files\MATLAB\R2009a\fdaM\@bifdPar\putLfd.m --> ego.psych.mcgill.ca /home/ego/ftp/pub/ramsay/FDAfuns/Matlab/@bifdPar putLfd.m
2010.01.20 10:11 B C:\Program Files\MATLAB\R2009a\fdaM\@bifdPar\@bifdPar.zip <-- ramsay /home/ego/ftp/pub/ramsay/FDAfuns/Matlab/@bifdPar @bifdPar.zip
2010.01.20 10:11 B C:\Program Files\MATLAB\R2009a\fdaM\@bifdPar\@fdPar.zip <-- ramsay /home/ego/ftp/pub/ramsay/FDAfuns/Matlab/@bifdPar @fdPar.zip
2010.01.20 10:11 B C:\Program Files\MATLAB\R2009a\fdaM\@bifdPar\bifdPar.m <-- ramsay /home/ego/ftp/pub/ramsay/FDAfuns/Matlab/@bifdPar bifdPar.m
2010.01.20 10:11 B C:\Program Files\MATLAB\R2009a\fdaM\@bifdPar\display.m <-- ramsay /home/ego/ftp/pub/ramsay/FDAfuns/Matlab/@bifdPar display.m
2010.01.20 10:11 B C:\Program Files\MATLAB\R2009a\fdaM\@bifdPar\getestimate.m <-- ramsay /home/ego/ftp/pub/ramsay/FDAfuns/Matlab/@bifdPar getestimate.m
2010.01.20 10:11 B C:\Program Files\MATLAB\R2009a\fdaM\@bifdPar\getfd.m <-- ramsay /home/ego/ftp/pub/ramsay/FDAfuns/Matlab/@bifdPar getfd.m
2010.01.20 10:11 B C:\Program Files\MATLAB\R2009a\fdaM\@bifdPar\getlambda.m <-- ramsay /home/ego/ftp/pub/ramsay/FDAfuns/Matlab/@bifdPar getlambda.m
2010.01.20 10:11 B C:\Program Files\MATLAB\R2009a\fdaM\@bifdPar\getLfd.m <-- ramsay /home/ego/ftp/pub/ramsay/FDAfuns/Matlab/@bifdPar getLfd.m
2010.01.20 10:11 B C:\Program Files\MATLAB\R2009a\fdaM\@bifdPar\plot.m <-- ramsay /home/ego/ftp/pub/ramsay/FDAfuns/Matlab/@bifdPar plot.m
2010.01.20 10:11 B C:\Program Files\MATLAB\R2009a\fdaM\@bifdPar\putbifd.m <-- ramsay /home/ego/ftp/pub/ramsay/FDAfuns/Matlab/@bifdPar putbifd.m
2010.01.20 10:11 B C:\Program Files\MATLAB\R2009a\fdaM\@bifdPar\putestimate.m <-- ramsay /home/ego/ftp/pub/ramsay/FDAfuns/Matlab/@bifdPar putestimate.m
2010.01.20 10:11 B C:\Program Files\MATLAB\R2009a\fdaM\@bifdPar\putlambda.m <-- ramsay /home/ego/ftp/pub/ramsay/FDAfuns/Matlab/@bifdPar putlambda.m
2010.01.20 10:11 B C:\Program Files\MATLAB\R2009a\fdaM\@bifdPar\putLfd.m <-- ramsay /home/ego/ftp/pub/ramsay/FDAfuns/Matlab/@bifdPar putLfd.m
2010.01.20 10:13 B C:\Program Files\MATLAB\R2009a\fdaM\@bifdPar\@bifdPar.zip --> ego.psych.mcgill.ca /home/ego/ftp/pub/ramsay/FDAfuns/Matlab @bifdPar.zip
